
7월 15, 2022 16:03:25.484 NEW SESSION
7월 15, 2022 16:03:25.485 [7504:9616:0715/160325.483:ERROR:device_event_log_impl.cc(214)] [16:03:25.483] Bluetooth: bluetooth_adapter_winrt.cc:1074 Getting Default Adapter failed.
7월 15, 2022 16:19:31.710 [552:10960:0715/161931.710:ERROR:device_event_log_impl.cc(214)] [16:19:31.709] Bluetooth: bluetooth_adapter_winrt.cc:1074 Getting Default Adapter failed.
7월 15, 2022 16:19:50.678 [6608:3104:0715/161950.678:ERROR:device_event_log_impl.cc(214)] [16:19:50.677] Bluetooth: bluetooth_adapter_winrt.cc:1074 Getting Default Adapter failed.
7월 15, 2022 16:20:11.152 [1956:10812:0715/162011.152:ERROR:device_event_log_impl.cc(214)] [16:20:11.152] Bluetooth: bluetooth_adapter_winrt.cc:1074 Getting Default Adapter failed.
7월 15, 2022 16:24:08.628 [6208:10800:0715/162408.628:ERROR:device_event_log_impl.cc(214)] [16:24:08.628] Bluetooth: bluetooth_adapter_winrt.cc:1074 Getting Default Adapter failed.
7월 15, 2022 16:24:14.47 [12696:668:0715/162414.047:ERROR:device_event_log_impl.cc(214)] [16:24:14.047] Bluetooth: bluetooth_adapter_winrt.cc:1074 Getting Default Adapter failed.
7월 15, 2022 16:27:16.579 [11452:7504:0715/162716.579:ERROR:device_event_log_impl.cc(214)] [16:27:16.579] Bluetooth: bluetooth_adapter_winrt.cc:1074 Getting Default Adapter failed.

7월 15, 2022 16:51:32.769 NEW SESSION
7월 15, 2022 16:51:32.769 [6744:2264:0715/165132.768:ERROR:device_event_log_impl.cc(214)] [16:51:32.768] Bluetooth: bluetooth_adapter_winrt.cc:1074 Getting Default Adapter failed.
7월 15, 2022 16:52:28.596 [13248:8972:0715/165228.595:ERROR:device_event_log_impl.cc(214)] [16:52:28.595] Bluetooth: bluetooth_adapter_winrt.cc:1074 Getting Default Adapter failed.
7월 15, 2022 16:53:27.47 [10900:1476:0715/165327.047:ERROR:device_event_log_impl.cc(214)] [16:53:27.047] Bluetooth: bluetooth_adapter_winrt.cc:1074 Getting Default Adapter failed.
7월 15, 2022 16:53:34.645 [11080:13100:0715/165334.645:ERROR:device_event_log_impl.cc(214)] [16:53:34.645] Bluetooth: bluetooth_adapter_winrt.cc:1074 Getting Default Adapter failed.
7월 15, 2022 16:53:45.591 [10740:11572:0715/165345.591:ERROR:device_event_log_impl.cc(214)] [16:53:45.591] Bluetooth: bluetooth_adapter_winrt.cc:1074 Getting Default Adapter failed.
7월 15, 2022 17:01:20.658 [3396:1832:0715/170120.658:ERROR:device_event_log_impl.cc(214)] [17:01:20.657] Bluetooth: bluetooth_adapter_winrt.cc:1074 Getting Default Adapter failed.
7월 15, 2022 17:11:33.132 [11672:6648:0715/171133.132:ERROR:device_event_log_impl.cc(214)] [17:11:33.132] Bluetooth: bluetooth_adapter_winrt.cc:1074 Getting Default Adapter failed.
7월 15, 2022 17:12:27.345 [12048:12324:0715/171227.345:ERROR:device_event_log_impl.cc(214)] [17:12:27.346] Bluetooth: bluetooth_adapter_winrt.cc:1074 Getting Default Adapter failed.
7월 15, 2022 17:16:42.377 [5144:9508:0715/171642.377:ERROR:device_event_log_impl.cc(214)] [17:16:42.378] Bluetooth: bluetooth_adapter_winrt.cc:1074 Getting Default Adapter failed.
7월 15, 2022 17:16:55.964 [12512:10612:0715/171655.964:ERROR:device_event_log_impl.cc(214)] [17:16:55.963] Bluetooth: bluetooth_adapter_winrt.cc:1074 Getting Default Adapter failed.
7월 15, 2022 17:17:56.601 [7960:3476:0715/171756.601:ERROR:device_event_log_impl.cc(214)] [17:17:56.600] Bluetooth: bluetooth_adapter_winrt.cc:1074 Getting Default Adapter failed.
7월 15, 2022 17:35:34.748 [6368:9748:0715/173534.748:ERROR:device_event_log_impl.cc(214)] [17:35:34.747] Bluetooth: bluetooth_adapter_winrt.cc:1074 Getting Default Adapter failed.
7월 15, 2022 17:37:35.855 [12244:9400:0715/173735.855:ERROR:device_event_log_impl.cc(214)] [17:37:35.855] Bluetooth: bluetooth_adapter_winrt.cc:1074 Getting Default Adapter failed.
7월 15, 2022 17:38:39.536 [3356:10116:0715/173839.536:ERROR:device_event_log_impl.cc(214)] [17:38:39.536] Bluetooth: bluetooth_adapter_winrt.cc:1074 Getting Default Adapter failed.
7월 15, 2022 17:39:53.183 [6696:10560:0715/173953.183:ERROR:device_event_log_impl.cc(214)] [17:39:53.183] Bluetooth: bluetooth_adapter_winrt.cc:1074 Getting Default Adapter failed.
7월 15, 2022 17:44:17.865 [2720:8604:0715/174417.865:ERROR:device_event_log_impl.cc(214)] [17:44:17.865] Bluetooth: bluetooth_adapter_winrt.cc:1074 Getting Default Adapter failed.
7월 15, 2022 17:46:27.193 [12920:8104:0715/174627.193:ERROR:device_event_log_impl.cc(214)] [17:46:27.193] Bluetooth: bluetooth_adapter_winrt.cc:1074 Getting Default Adapter failed.

7월 18, 2022 09:34:52.903 NEW SESSION
7월 18, 2022 09:34:52.903 [3660:9156:0718/093452.901:ERROR:device_event_log_impl.cc(214)] [09:34:52.901] Bluetooth: bluetooth_adapter_winrt.cc:1074 Getting Default Adapter failed.
7월 18, 2022 11:50:41.906 [9860:9532:0718/115041.906:ERROR:device_event_log_impl.cc(214)] [11:50:41.906] Bluetooth: bluetooth_adapter_winrt.cc:1074 Getting Default Adapter failed.
7월 18, 2022 11:51:42.166 [3432:8936:0718/115142.166:ERROR:device_event_log_impl.cc(214)] [11:51:42.167] Bluetooth: bluetooth_adapter_winrt.cc:1074 Getting Default Adapter failed.
7월 18, 2022 11:58:31.463 [6312:10352:0718/115831.462:ERROR:device_event_log_impl.cc(214)] [11:58:31.462] Bluetooth: bluetooth_adapter_winrt.cc:1074 Getting Default Adapter failed.
7월 18, 2022 12:02:17.44 [5028:1168:0718/120217.044:ERROR:device_event_log_impl.cc(214)] [12:02:17.045] Bluetooth: bluetooth_adapter_winrt.cc:1074 Getting Default Adapter failed.
7월 18, 2022 12:04:05.774 [3652:9512:0718/120405.774:ERROR:device_event_log_impl.cc(214)] [12:04:05.774] Bluetooth: bluetooth_adapter_winrt.cc:1074 Getting Default Adapter failed.

7월 18, 2022 14:29:21.05 NEW SESSION
7월 18, 2022 14:29:21.05 [6320:4616:0718/142921.004:ERROR:device_event_log_impl.cc(214)] [14:29:21.004] Bluetooth: bluetooth_adapter_winrt.cc:1074 Getting Default Adapter failed.

7월 18, 2022 14:35:14.472 NEW SESSION
7월 18, 2022 14:35:14.472 [12656:6588:0718/143514.471:ERROR:device_event_log_impl.cc(214)] [14:35:14.471] Bluetooth: bluetooth_adapter_winrt.cc:1074 Getting Default Adapter failed.

7월 18, 2022 14:37:44.380 NEW SESSION
7월 18, 2022 14:37:44.380 [8868:7032:0718/143744.379:ERROR:device_event_log_impl.cc(214)] [14:37:44.379] Bluetooth: bluetooth_adapter_winrt.cc:1074 Getting Default Adapter failed.
7월 18, 2022 15:09:13.276 [9076:13956:0718/150913.276:ERROR:device_event_log_impl.cc(214)] [15:09:13.275] Bluetooth: bluetooth_adapter_winrt.cc:1074 Getting Default Adapter failed.
7월 18, 2022 15:09:43.752 [1408:1652:0718/150943.752:ERROR:device_event_log_impl.cc(214)] [15:09:43.751] Bluetooth: bluetooth_adapter_winrt.cc:1074 Getting Default Adapter failed.
7월 18, 2022 15:10:30.341 [11456:308:0718/151030.341:ERROR:device_event_log_impl.cc(214)] [15:10:30.341] Bluetooth: bluetooth_adapter_winrt.cc:1074 Getting Default Adapter failed.
7월 18, 2022 15:39:47.189 [3016:9220:0718/153947.188:ERROR:device_event_log_impl.cc(214)] [15:39:47.188] Bluetooth: bluetooth_adapter_winrt.cc:1074 Getting Default Adapter failed.
7월 18, 2022 15:46:08.307 [12412:11364:0718/154608.307:ERROR:device_event_log_impl.cc(214)] [15:46:08.307] Bluetooth: bluetooth_adapter_winrt.cc:1074 Getting Default Adapter failed.
7월 18, 2022 15:59:43.425 [1404:872:0718/155943.425:ERROR:device_event_log_impl.cc(214)] [15:59:43.425] Bluetooth: bluetooth_adapter_winrt.cc:1074 Getting Default Adapter failed.
7월 18, 2022 16:17:53.764 [10848:5000:0718/161753.763:ERROR:device_event_log_impl.cc(214)] [16:17:53.764] Bluetooth: bluetooth_adapter_winrt.cc:1074 Getting Default Adapter failed.
7월 18, 2022 16:23:05.175 [10216:12156:0718/162305.175:ERROR:device_event_log_impl.cc(214)] [16:23:05.176] Bluetooth: bluetooth_adapter_winrt.cc:1074 Getting Default Adapter failed.
7월 18, 2022 16:24:26.839 [5512:7836:0718/162426.839:ERROR:device_event_log_impl.cc(214)] [16:24:26.839] Bluetooth: bluetooth_adapter_winrt.cc:1074 Getting Default Adapter failed.
7월 18, 2022 18:41:27.909 [9532:10804:0718/184127.909:ERROR:device_event_log_impl.cc(214)] [18:41:27.910] Bluetooth: bluetooth_adapter_winrt.cc:1074 Getting Default Adapter failed.
7월 18, 2022 18:41:40.98 [10028:692:0718/184140.098:ERROR:device_event_log_impl.cc(214)] [18:41:40.098] Bluetooth: bluetooth_adapter_winrt.cc:1074 Getting Default Adapter failed.
7월 18, 2022 18:41:51.909 [3532:14060:0718/184151.909:ERROR:device_event_log_impl.cc(214)] [18:41:51.909] Bluetooth: bluetooth_adapter_winrt.cc:1074 Getting Default Adapter failed.
7월 18, 2022 18:43:35.670 [5664:7596:0718/184335.670:ERROR:device_event_log_impl.cc(214)] [18:43:35.670] Bluetooth: bluetooth_adapter_winrt.cc:1074 Getting Default Adapter failed.

7월 19, 2022 10:01:47.977 NEW SESSION
7월 19, 2022 10:01:47.977 [1132:4180:0719/100147.976:ERROR:device_event_log_impl.cc(214)] [10:01:47.975] Bluetooth: bluetooth_adapter_winrt.cc:1074 Getting Default Adapter failed.
7월 19, 2022 10:03:55.411 [3552:3760:0719/100355.411:ERROR:device_event_log_impl.cc(214)] [10:03:55.410] Bluetooth: bluetooth_adapter_winrt.cc:1074 Getting Default Adapter failed.
7월 19, 2022 11:22:58.674 [11772:12864:0719/112258.674:ERROR:device_event_log_impl.cc(214)] [11:22:58.673] Bluetooth: bluetooth_adapter_winrt.cc:1074 Getting Default Adapter failed.
7월 19, 2022 11:46:26.735 [12196:4400:0719/114626.735:ERROR:device_event_log_impl.cc(214)] [11:46:26.735] Bluetooth: bluetooth_adapter_winrt.cc:1074 Getting Default Adapter failed.
7월 19, 2022 11:47:43.410 [12252:12080:0719/114743.410:ERROR:device_event_log_impl.cc(214)] [11:47:43.409] Bluetooth: bluetooth_adapter_winrt.cc:1074 Getting Default Adapter failed.
7월 19, 2022 11:48:05.211 [3632:11892:0719/114805.211:ERROR:device_event_log_impl.cc(214)] [11:48:05.211] Bluetooth: bluetooth_adapter_winrt.cc:1074 Getting Default Adapter failed.
7월 19, 2022 11:48:23.769 [3056:12792:0719/114823.769:ERROR:device_event_log_impl.cc(214)] [11:48:23.770] Bluetooth: bluetooth_adapter_winrt.cc:1074 Getting Default Adapter failed.
7월 19, 2022 11:49:13.832 [12356:7712:0719/114913.832:ERROR:device_event_log_impl.cc(214)] [11:49:13.831] Bluetooth: bluetooth_adapter_winrt.cc:1074 Getting Default Adapter failed.
7월 19, 2022 11:49:19.870 [13024:11916:0719/114919.870:ERROR:device_event_log_impl.cc(214)] [11:49:19.869] Bluetooth: bluetooth_adapter_winrt.cc:1074 Getting Default Adapter failed.
7월 19, 2022 11:50:32.854 [12268:12032:0719/115032.854:ERROR:device_event_log_impl.cc(214)] [11:50:32.854] Bluetooth: bluetooth_adapter_winrt.cc:1074 Getting Default Adapter failed.
7월 19, 2022 11:51:55.849 [6440:12948:0719/115155.849:ERROR:device_event_log_impl.cc(214)] [11:51:55.849] Bluetooth: bluetooth_adapter_winrt.cc:1074 Getting Default Adapter failed.
7월 19, 2022 11:52:33.347 [12900:12724:0719/115233.347:ERROR:device_event_log_impl.cc(214)] [11:52:33.347] Bluetooth: bluetooth_adapter_winrt.cc:1074 Getting Default Adapter failed.
7월 19, 2022 11:52:50.184 [7520:12108:0719/115250.184:ERROR:device_event_log_impl.cc(214)] [11:52:50.184] Bluetooth: bluetooth_adapter_winrt.cc:1074 Getting Default Adapter failed.
7월 19, 2022 12:14:26.989 [8140:12688:0719/121426.988:ERROR:device_event_log_impl.cc(214)] [12:14:26.989] Bluetooth: bluetooth_adapter_winrt.cc:1074 Getting Default Adapter failed.
7월 19, 2022 12:26:06.19 [8448:12320:0719/122606.019:ERROR:device_event_log_impl.cc(214)] [12:26:06.019] Bluetooth: bluetooth_adapter_winrt.cc:1074 Getting Default Adapter failed.
7월 19, 2022 12:26:17.13 [13132:12976:0719/122617.013:ERROR:device_event_log_impl.cc(214)] [12:26:17.013] Bluetooth: bluetooth_adapter_winrt.cc:1074 Getting Default Adapter failed.
7월 19, 2022 12:28:36.773 [9708:5856:0719/122836.773:ERROR:device_event_log_impl.cc(214)] [12:28:36.773] Bluetooth: bluetooth_adapter_winrt.cc:1074 Getting Default Adapter failed.
7월 19, 2022 12:28:44.599 [312:11196:0719/122844.599:ERROR:device_event_log_impl.cc(214)] [12:28:44.598] Bluetooth: bluetooth_adapter_winrt.cc:1074 Getting Default Adapter failed.
7월 19, 2022 12:45:14.604 [12700:12276:0719/124514.603:ERROR:device_event_log_impl.cc(214)] [12:45:14.604] Bluetooth: bluetooth_adapter_winrt.cc:1074 Getting Default Adapter failed.
7월 19, 2022 12:45:32.329 [1460:12096:0719/124532.329:ERROR:device_event_log_impl.cc(214)] [12:45:32.328] Bluetooth: bluetooth_adapter_winrt.cc:1074 Getting Default Adapter failed.
7월 19, 2022 12:52:25.854 [4980:2984:0719/125225.854:ERROR:device_event_log_impl.cc(214)] [12:52:25.854] Bluetooth: bluetooth_adapter_winrt.cc:1074 Getting Default Adapter failed.
7월 19, 2022 12:52:36.336 [12224:4232:0719/125236.336:ERROR:device_event_log_impl.cc(214)] [12:52:36.337] Bluetooth: bluetooth_adapter_winrt.cc:1074 Getting Default Adapter failed.
7월 19, 2022 12:53:18.01 [4180:12308:0719/125318.001:ERROR:device_event_log_impl.cc(214)] [12:53:18.002] Bluetooth: bluetooth_adapter_winrt.cc:1074 Getting Default Adapter failed.
7월 19, 2022 12:53:57.608 [12252:3076:0719/125357.608:ERROR:device_event_log_impl.cc(214)] [12:53:57.608] Bluetooth: bluetooth_adapter_winrt.cc:1074 Getting Default Adapter failed.
7월 19, 2022 12:54:17.327 [12252:3076:0719/125417.327:ERROR:interface_endpoint_client.cc(665)] Message 1 rejected by interface blink.mojom.WidgetHost
7월 19, 2022 14:07:42.123 [7208:12160:0719/140742.122:ERROR:gpu_process_host.cc(975)] GPU process exited unexpectedly: exit_code=1
7월 19, 2022 14:07:51.840 [12188:8284:0719/140751.840:ERROR:device_event_log_impl.cc(214)] [14:07:51.840] Bluetooth: bluetooth_adapter_winrt.cc:1074 Getting Default Adapter failed.
7월 19, 2022 14:14:39.188 [12188:8284:0719/141439.188:ERROR:interface_endpoint_client.cc(665)] Message 1 rejected by interface blink.mojom.WidgetHost
7월 19, 2022 14:49:43.743 [10132:12796:0719/144943.743:ERROR:gpu_process_host.cc(975)] GPU process exited unexpectedly: exit_code=1
7월 19, 2022 14:49:45.973 [10132:12796:0719/144945.972:ERROR:gpu_process_host.cc(975)] GPU process exited unexpectedly: exit_code=1
7월 19, 2022 14:49:54.325 [516:7928:0719/144954.324:ERROR:device_event_log_impl.cc(214)] [14:49:54.325] Bluetooth: bluetooth_adapter_winrt.cc:1074 Getting Default Adapter failed.
7월 19, 2022 16:44:27.885 [11436:4424:0719/164427.885:ERROR:gpu_process_host.cc(975)] GPU process exited unexpectedly: exit_code=1
7월 19, 2022 16:44:42.551 [6912:8992:0719/164442.551:ERROR:device_event_log_impl.cc(214)] [16:44:42.551] Bluetooth: bluetooth_adapter_winrt.cc:1074 Getting Default Adapter failed.
7월 19, 2022 16:45:46.48 [12432:7568:0719/164546.048:ERROR:device_event_log_impl.cc(214)] [16:45:46.048] Bluetooth: bluetooth_adapter_winrt.cc:1074 Getting Default Adapter failed.
7월 19, 2022 16:46:25.663 [11920:3252:0719/164625.663:ERROR:device_event_log_impl.cc(214)] [16:46:25.663] Bluetooth: bluetooth_adapter_winrt.cc:1074 Getting Default Adapter failed.

7월 20, 2022 09:39:42.652 NEW SESSION
7월 20, 2022 09:39:42.652 [10692:4404:0720/093942.651:ERROR:device_event_log_impl.cc(214)] [09:39:42.651] Bluetooth: bluetooth_adapter_winrt.cc:1074 Getting Default Adapter failed.
7월 20, 2022 09:51:02.549 [12108:3108:0720/095102.549:ERROR:device_event_log_impl.cc(214)] [09:51:02.548] Bluetooth: bluetooth_adapter_winrt.cc:1074 Getting Default Adapter failed.
7월 20, 2022 09:54:21.84 [4072:11736:0720/095421.084:ERROR:device_event_log_impl.cc(214)] [09:54:21.084] Bluetooth: bluetooth_adapter_winrt.cc:1074 Getting Default Adapter failed.
7월 20, 2022 09:54:24.627 [11804:4856:0720/095424.626:ERROR:device_event_log_impl.cc(214)] [09:54:24.626] Bluetooth: bluetooth_adapter_winrt.cc:1074 Getting Default Adapter failed.
7월 20, 2022 09:57:13.344 [2400:2820:0720/095713.344:ERROR:device_event_log_impl.cc(214)] [09:57:13.344] Bluetooth: bluetooth_adapter_winrt.cc:1074 Getting Default Adapter failed.
7월 20, 2022 09:57:35.822 [3856:9636:0720/095735.822:ERROR:device_event_log_impl.cc(214)] [09:57:35.822] Bluetooth: bluetooth_adapter_winrt.cc:1074 Getting Default Adapter failed.
7월 20, 2022 10:28:43.162 [10816:2040:0720/102843.162:ERROR:device_event_log_impl.cc(214)] [10:28:43.163] Bluetooth: bluetooth_adapter_winrt.cc:1074 Getting Default Adapter failed.
7월 20, 2022 10:29:19.88 [12556:3760:0720/102919.088:ERROR:device_event_log_impl.cc(214)] [10:29:19.087] Bluetooth: bluetooth_adapter_winrt.cc:1074 Getting Default Adapter failed.
7월 20, 2022 10:33:22.861 [5452:6836:0720/103322.861:ERROR:device_event_log_impl.cc(214)] [10:33:22.861] Bluetooth: bluetooth_adapter_winrt.cc:1074 Getting Default Adapter failed.
7월 20, 2022 10:34:18.71 [8908:11412:0720/103418.071:ERROR:device_event_log_impl.cc(214)] [10:34:18.071] Bluetooth: bluetooth_adapter_winrt.cc:1074 Getting Default Adapter failed.
7월 20, 2022 10:36:54.382 [5888:1340:0720/103654.381:ERROR:device_event_log_impl.cc(214)] [10:36:54.381] Bluetooth: bluetooth_adapter_winrt.cc:1074 Getting Default Adapter failed.
7월 20, 2022 10:39:21.389 [11496:9436:0720/103921.389:ERROR:device_event_log_impl.cc(214)] [10:39:21.390] Bluetooth: bluetooth_adapter_winrt.cc:1074 Getting Default Adapter failed.
7월 20, 2022 10:43:52.262 [2492:12976:0720/104352.262:ERROR:device_event_log_impl.cc(214)] [10:43:52.262] Bluetooth: bluetooth_adapter_winrt.cc:1074 Getting Default Adapter failed.
7월 20, 2022 10:43:57.770 [12760:2636:0720/104357.770:ERROR:device_event_log_impl.cc(214)] [10:43:57.770] Bluetooth: bluetooth_adapter_winrt.cc:1074 Getting Default Adapter failed.
7월 20, 2022 10:52:42.391 [1704:3788:0720/105242.391:ERROR:device_event_log_impl.cc(214)] [10:52:42.391] Bluetooth: bluetooth_adapter_winrt.cc:1074 Getting Default Adapter failed.
7월 20, 2022 10:53:02.282 [2608:11592:0720/105302.281:ERROR:device_event_log_impl.cc(214)] [10:53:02.281] Bluetooth: bluetooth_adapter_winrt.cc:1074 Getting Default Adapter failed.
7월 20, 2022 10:55:25.256 [8728:11792:0720/105525.256:ERROR:device_event_log_impl.cc(214)] [10:55:25.255] Bluetooth: bluetooth_adapter_winrt.cc:1074 Getting Default Adapter failed.
7월 20, 2022 11:01:10.248 [7232:5036:0720/110110.248:ERROR:device_event_log_impl.cc(214)] [11:01:10.248] Bluetooth: bluetooth_adapter_winrt.cc:1074 Getting Default Adapter failed.
7월 20, 2022 11:01:32.552 [1992:12604:0720/110132.552:ERROR:device_event_log_impl.cc(214)] [11:01:32.552] Bluetooth: bluetooth_adapter_winrt.cc:1074 Getting Default Adapter failed.
7월 20, 2022 11:03:21.438 [3680:760:0720/110321.438:ERROR:device_event_log_impl.cc(214)] [11:03:21.438] Bluetooth: bluetooth_adapter_winrt.cc:1074 Getting Default Adapter failed.
7월 20, 2022 11:03:43.633 [5456:1124:0720/110343.633:ERROR:device_event_log_impl.cc(214)] [11:03:43.633] Bluetooth: bluetooth_adapter_winrt.cc:1074 Getting Default Adapter failed.
7월 20, 2022 11:52:04.235 [12832:660:0720/115204.235:ERROR:device_event_log_impl.cc(214)] [11:52:04.234] Bluetooth: bluetooth_adapter_winrt.cc:1074 Getting Default Adapter failed.
7월 20, 2022 12:06:43.41 [8960:2068:0720/120643.041:ERROR:device_event_log_impl.cc(214)] [12:06:43.040] Bluetooth: bluetooth_adapter_winrt.cc:1074 Getting Default Adapter failed.
7월 20, 2022 12:11:04.536 [9904:6720:0720/121104.535:ERROR:gpu_process_host.cc(975)] GPU process exited unexpectedly: exit_code=1
7월 20, 2022 12:11:17.400 [9904:6720:0720/121117.400:ERROR:device_event_log_impl.cc(214)] [12:11:17.400] Bluetooth: bluetooth_adapter_winrt.cc:1074 Getting Default Adapter failed.
7월 20, 2022 13:11:41.917 [3540:5640:0720/131141.916:ERROR:device_event_log_impl.cc(214)] [13:11:41.917] Bluetooth: bluetooth_adapter_winrt.cc:1074 Getting Default Adapter failed.
7월 20, 2022 14:16:59.725 [3992:4176:0720/141659.725:ERROR:device_event_log_impl.cc(214)] [14:16:59.725] Bluetooth: bluetooth_adapter_winrt.cc:1074 Getting Default Adapter failed.
7월 20, 2022 14:19:58.804 [608:9576:0720/141958.804:ERROR:gpu_process_host.cc(975)] GPU process exited unexpectedly: exit_code=1

7월 20, 2022 14:40:59.349 NEW SESSION
7월 20, 2022 14:40:59.349 [12556:2900:0720/144059.349:ERROR:device_event_log_impl.cc(214)] [14:40:59.348] Bluetooth: bluetooth_adapter_winrt.cc:1074 Getting Default Adapter failed.
7월 20, 2022 14:41:39.397 [2352:5092:0720/144139.397:ERROR:gpu_process_host.cc(975)] GPU process exited unexpectedly: exit_code=1
7월 20, 2022 14:41:41.73 [2352:5092:0720/144141.073:ERROR:gpu_process_host.cc(975)] GPU process exited unexpectedly: exit_code=1
7월 20, 2022 14:41:51.819 [9436:11176:0720/144151.819:ERROR:device_event_log_impl.cc(214)] [14:41:51.819] Bluetooth: bluetooth_adapter_winrt.cc:1074 Getting Default Adapter failed.
7월 20, 2022 14:46:22.355 [13220:3200:0720/144622.355:ERROR:device_event_log_impl.cc(214)] [14:46:22.355] Bluetooth: bluetooth_adapter_winrt.cc:1074 Getting Default Adapter failed.
7월 20, 2022 16:34:41.717 [11216:7528:0720/163441.717:ERROR:device_event_log_impl.cc(214)] [16:34:41.717] Bluetooth: bluetooth_adapter_winrt.cc:1074 Getting Default Adapter failed.
7월 20, 2022 16:35:08.278 [12536:12688:0720/163508.277:ERROR:device_event_log_impl.cc(214)] [16:35:08.277] Bluetooth: bluetooth_adapter_winrt.cc:1074 Getting Default Adapter failed.
7월 20, 2022 16:35:55.826 [13200:1804:0720/163555.826:ERROR:device_event_log_impl.cc(214)] [16:35:55.826] Bluetooth: bluetooth_adapter_winrt.cc:1074 Getting Default Adapter failed.
7월 20, 2022 16:36:57.274 [1796:5476:0720/163657.273:ERROR:device_event_log_impl.cc(214)] [16:36:57.273] Bluetooth: bluetooth_adapter_winrt.cc:1074 Getting Default Adapter failed.
7월 20, 2022 16:37:11.985 [13252:3108:0720/163711.985:ERROR:device_event_log_impl.cc(214)] [16:37:11.986] Bluetooth: bluetooth_adapter_winrt.cc:1074 Getting Default Adapter failed.
7월 20, 2022 16:37:50.586 [13156:3272:0720/163750.586:ERROR:device_event_log_impl.cc(214)] [16:37:50.587] Bluetooth: bluetooth_adapter_winrt.cc:1074 Getting Default Adapter failed.
7월 20, 2022 16:39:59.285 [12816:4428:0720/163959.285:ERROR:device_event_log_impl.cc(214)] [16:39:59.284] Bluetooth: bluetooth_adapter_winrt.cc:1074 Getting Default Adapter failed.
7월 20, 2022 16:41:04.195 [12712:8476:0720/164104.194:ERROR:device_event_log_impl.cc(214)] [16:41:04.194] Bluetooth: bluetooth_adapter_winrt.cc:1074 Getting Default Adapter failed.
7월 20, 2022 16:41:15.478 [7428:8936:0720/164115.477:ERROR:device_event_log_impl.cc(214)] [16:41:15.477] Bluetooth: bluetooth_adapter_winrt.cc:1074 Getting Default Adapter failed.
7월 20, 2022 16:47:32.455 [748:5420:0720/164732.455:ERROR:device_event_log_impl.cc(214)] [16:47:32.455] Bluetooth: bluetooth_adapter_winrt.cc:1074 Getting Default Adapter failed.
7월 20, 2022 16:49:16.239 [6384:11880:0720/164916.239:ERROR:gpu_process_host.cc(975)] GPU process exited unexpectedly: exit_code=1

7월 21, 2022 09:47:51.306 NEW SESSION
7월 21, 2022 09:47:51.306 [2032:3416:0721/094751.299:ERROR:device_event_log_impl.cc(214)] [09:47:51.300] Bluetooth: bluetooth_adapter_winrt.cc:1074 Getting Default Adapter failed.

7월 21, 2022 10:37:10.98 NEW SESSION
7월 21, 2022 10:37:10.98 [7268:9828:0721/103710.097:ERROR:device_event_log_impl.cc(214)] [10:37:10.098] Bluetooth: bluetooth_adapter_winrt.cc:1074 Getting Default Adapter failed.
7월 21, 2022 10:38:06.280 [11456:11560:0721/103806.280:ERROR:device_event_log_impl.cc(214)] [10:38:06.279] Bluetooth: bluetooth_adapter_winrt.cc:1074 Getting Default Adapter failed.
7월 21, 2022 10:38:29.925 [7816:9500:0721/103829.925:ERROR:device_event_log_impl.cc(214)] [10:38:29.925] Bluetooth: bluetooth_adapter_winrt.cc:1074 Getting Default Adapter failed.
7월 21, 2022 10:38:39.468 [292:6552:0721/103839.468:ERROR:device_event_log_impl.cc(214)] [10:38:39.468] Bluetooth: bluetooth_adapter_winrt.cc:1074 Getting Default Adapter failed.
7월 21, 2022 10:39:01.76 [5260:10148:0721/103901.075:ERROR:device_event_log_impl.cc(214)] [10:39:01.076] Bluetooth: bluetooth_adapter_winrt.cc:1074 Getting Default Adapter failed.
7월 21, 2022 10:41:40.714 [1216:2572:0721/104140.713:ERROR:device_event_log_impl.cc(214)] [10:41:40.714] Bluetooth: bluetooth_adapter_winrt.cc:1074 Getting Default Adapter failed.
7월 21, 2022 10:42:10.531 [6944:3400:0721/104210.531:ERROR:device_event_log_impl.cc(214)] [10:42:10.530] Bluetooth: bluetooth_adapter_winrt.cc:1074 Getting Default Adapter failed.
7월 21, 2022 11:33:23.331 [7808:2664:0721/113323.331:ERROR:device_event_log_impl.cc(214)] [11:33:23.331] Bluetooth: bluetooth_adapter_winrt.cc:1074 Getting Default Adapter failed.
7월 21, 2022 11:33:56.498 [1912:9944:0721/113356.498:ERROR:device_event_log_impl.cc(214)] [11:33:56.498] Bluetooth: bluetooth_adapter_winrt.cc:1074 Getting Default Adapter failed.
7월 21, 2022 11:34:35.215 [12224:10264:0721/113435.215:ERROR:device_event_log_impl.cc(214)] [11:34:35.215] Bluetooth: bluetooth_adapter_winrt.cc:1074 Getting Default Adapter failed.
7월 21, 2022 11:34:50.888 [2056:4112:0721/113450.888:ERROR:device_event_log_impl.cc(214)] [11:34:50.889] Bluetooth: bluetooth_adapter_winrt.cc:1074 Getting Default Adapter failed.
7월 21, 2022 14:15:50.172 [10200:11084:0721/141550.171:ERROR:device_event_log_impl.cc(214)] [14:15:50.171] Bluetooth: bluetooth_adapter_winrt.cc:1074 Getting Default Adapter failed.
7월 21, 2022 14:16:09.691 [6352:4320:0721/141609.691:ERROR:device_event_log_impl.cc(214)] [14:16:09.691] Bluetooth: bluetooth_adapter_winrt.cc:1074 Getting Default Adapter failed.
7월 21, 2022 14:35:30.130 [2036:11232:0721/143530.130:ERROR:device_event_log_impl.cc(214)] [14:35:30.131] Bluetooth: bluetooth_adapter_winrt.cc:1074 Getting Default Adapter failed.
7월 21, 2022 14:45:22.206 [6104:6068:0721/144522.206:ERROR:device_event_log_impl.cc(214)] [14:45:22.205] Bluetooth: bluetooth_adapter_winrt.cc:1074 Getting Default Adapter failed.
7월 21, 2022 14:46:42.776 [3268:11308:0721/144642.776:ERROR:device_event_log_impl.cc(214)] [14:46:42.776] Bluetooth: bluetooth_adapter_winrt.cc:1074 Getting Default Adapter failed.
7월 21, 2022 14:50:43.538 [7204:2520:0721/145043.537:ERROR:device_event_log_impl.cc(214)] [14:50:43.537] Bluetooth: bluetooth_adapter_winrt.cc:1074 Getting Default Adapter failed.
7월 21, 2022 14:51:21.59 [10496:9468:0721/145121.059:ERROR:device_event_log_impl.cc(214)] [14:51:21.059] Bluetooth: bluetooth_adapter_winrt.cc:1074 Getting Default Adapter failed.
7월 21, 2022 15:26:17.637 [9892:588:0721/152617.637:ERROR:device_event_log_impl.cc(214)] [15:26:17.637] Bluetooth: bluetooth_adapter_winrt.cc:1074 Getting Default Adapter failed.
7월 21, 2022 15:26:44.161 [10876:6172:0721/152644.161:ERROR:device_event_log_impl.cc(214)] [15:26:44.161] Bluetooth: bluetooth_adapter_winrt.cc:1074 Getting Default Adapter failed.
7월 21, 2022 15:31:30.742 [10352:3432:0721/153130.742:ERROR:device_event_log_impl.cc(214)] [15:31:30.742] Bluetooth: bluetooth_adapter_winrt.cc:1074 Getting Default Adapter failed.
7월 21, 2022 15:31:38.914 [1292:8464:0721/153138.914:ERROR:device_event_log_impl.cc(214)] [15:31:38.914] Bluetooth: bluetooth_adapter_winrt.cc:1074 Getting Default Adapter failed.
7월 21, 2022 15:32:08.146 [4724:5564:0721/153208.146:ERROR:device_event_log_impl.cc(214)] [15:32:08.145] Bluetooth: bluetooth_adapter_winrt.cc:1074 Getting Default Adapter failed.
7월 21, 2022 15:37:06.363 [9788:4068:0721/153706.363:ERROR:device_event_log_impl.cc(214)] [15:37:06.363] Bluetooth: bluetooth_adapter_winrt.cc:1074 Getting Default Adapter failed.
7월 21, 2022 15:41:02.719 [3604:8492:0721/154102.719:ERROR:device_event_log_impl.cc(214)] [15:41:02.719] Bluetooth: bluetooth_adapter_winrt.cc:1074 Getting Default Adapter failed.
7월 21, 2022 15:41:14.885 [6552:3316:0721/154114.884:ERROR:device_event_log_impl.cc(214)] [15:41:14.884] Bluetooth: bluetooth_adapter_winrt.cc:1074 Getting Default Adapter failed.
7월 21, 2022 15:41:55.824 [6492:11620:0721/154155.824:ERROR:device_event_log_impl.cc(214)] [15:41:55.825] Bluetooth: bluetooth_adapter_winrt.cc:1074 Getting Default Adapter failed.
7월 21, 2022 15:48:50.368 [2672:6940:0721/154850.368:ERROR:device_event_log_impl.cc(214)] [15:48:50.368] Bluetooth: bluetooth_adapter_winrt.cc:1074 Getting Default Adapter failed.
7월 21, 2022 15:49:37.535 [7528:3120:0721/154937.535:ERROR:device_event_log_impl.cc(214)] [15:49:37.535] Bluetooth: bluetooth_adapter_winrt.cc:1074 Getting Default Adapter failed.
7월 21, 2022 15:49:46.239 [3204:9868:0721/154946.239:ERROR:device_event_log_impl.cc(214)] [15:49:46.238] Bluetooth: bluetooth_adapter_winrt.cc:1074 Getting Default Adapter failed.
7월 21, 2022 15:56:18.418 [4884:4580:0721/155618.418:ERROR:device_event_log_impl.cc(214)] [15:56:18.418] Bluetooth: bluetooth_adapter_winrt.cc:1074 Getting Default Adapter failed.
7월 21, 2022 16:20:31.756 [11772:8224:0721/162031.756:ERROR:device_event_log_impl.cc(214)] [16:20:31.756] Bluetooth: bluetooth_adapter_winrt.cc:1074 Getting Default Adapter failed.
7월 21, 2022 16:21:37.964 [3020:11196:0721/162137.963:ERROR:device_event_log_impl.cc(214)] [16:21:37.963] Bluetooth: bluetooth_adapter_winrt.cc:1074 Getting Default Adapter failed.
7월 21, 2022 16:22:34.866 [8140:7240:0721/162234.866:ERROR:device_event_log_impl.cc(214)] [16:22:34.866] Bluetooth: bluetooth_adapter_winrt.cc:1074 Getting Default Adapter failed.
7월 21, 2022 16:24:24.479 [2504:8024:0721/162424.479:ERROR:device_event_log_impl.cc(214)] [16:24:24.479] Bluetooth: bluetooth_adapter_winrt.cc:1074 Getting Default Adapter failed.
7월 21, 2022 16:25:42.402 [8468:10944:0721/162542.402:ERROR:device_event_log_impl.cc(214)] [16:25:42.402] Bluetooth: bluetooth_adapter_winrt.cc:1074 Getting Default Adapter failed.
7월 21, 2022 16:26:24.982 [3784:6104:0721/162624.982:ERROR:device_event_log_impl.cc(214)] [16:26:24.982] Bluetooth: bluetooth_adapter_winrt.cc:1074 Getting Default Adapter failed.

7월 22, 2022 10:26:33.742 NEW SESSION
7월 22, 2022 10:26:33.742 [11024:4976:0722/102633.741:ERROR:device_event_log_impl.cc(214)] [10:26:33.741] Bluetooth: bluetooth_adapter_winrt.cc:1074 Getting Default Adapter failed.
7월 22, 2022 10:27:53.160 [1008:8992:0722/102753.160:ERROR:device_event_log_impl.cc(214)] [10:27:53.159] Bluetooth: bluetooth_adapter_winrt.cc:1074 Getting Default Adapter failed.
7월 22, 2022 10:30:00.937 [6304:7848:0722/103000.937:ERROR:device_event_log_impl.cc(214)] [10:30:00.936] Bluetooth: bluetooth_adapter_winrt.cc:1074 Getting Default Adapter failed.
7월 22, 2022 10:30:05.667 [7408:2964:0722/103005.667:ERROR:device_event_log_impl.cc(214)] [10:30:05.667] Bluetooth: bluetooth_adapter_winrt.cc:1074 Getting Default Adapter failed.
7월 22, 2022 12:36:34.36 [3660:5908:0722/123634.036:ERROR:device_event_log_impl.cc(214)] [12:36:34.036] Bluetooth: bluetooth_adapter_winrt.cc:1074 Getting Default Adapter failed.
7월 22, 2022 12:37:20.15 [10716:10980:0722/123720.015:ERROR:device_event_log_impl.cc(214)] [12:37:20.016] Bluetooth: bluetooth_adapter_winrt.cc:1074 Getting Default Adapter failed.
7월 22, 2022 12:40:18.654 [2904:2056:0722/124018.653:ERROR:device_event_log_impl.cc(214)] [12:40:18.653] Bluetooth: bluetooth_adapter_winrt.cc:1074 Getting Default Adapter failed.
7월 22, 2022 17:54:59.192 [3356:10732:0722/175459.192:ERROR:device_event_log_impl.cc(214)] [17:54:59.191] Bluetooth: bluetooth_adapter_winrt.cc:1074 Getting Default Adapter failed.

7월 25, 2022 10:02:30.267 NEW SESSION
7월 25, 2022 10:02:30.267 [8176:8432:0725/100230.266:ERROR:device_event_log_impl.cc(214)] [10:02:30.267] Bluetooth: bluetooth_adapter_winrt.cc:1074 Getting Default Adapter failed.

7월 25, 2022 14:52:34.130 NEW SESSION
7월 25, 2022 14:52:34.130 [5484:11768:0725/145234.129:ERROR:device_event_log_impl.cc(214)] [14:52:34.128] Bluetooth: bluetooth_adapter_winrt.cc:1074 Getting Default Adapter failed.
7월 25, 2022 14:52:45.06 [7404:7960:0725/145245.005:ERROR:device_event_log_impl.cc(214)] [14:52:45.005] Bluetooth: bluetooth_adapter_winrt.cc:1074 Getting Default Adapter failed.
7월 25, 2022 14:53:15.82 [9020:2196:0725/145315.082:ERROR:device_event_log_impl.cc(214)] [14:53:15.082] Bluetooth: bluetooth_adapter_winrt.cc:1074 Getting Default Adapter failed.
7월 25, 2022 14:57:28.951 [12736:10976:0725/145728.951:ERROR:device_event_log_impl.cc(214)] [14:57:28.951] Bluetooth: bluetooth_adapter_winrt.cc:1074 Getting Default Adapter failed.
7월 25, 2022 14:58:02.982 [12688:11112:0725/145802.982:ERROR:device_event_log_impl.cc(214)] [14:58:02.982] Bluetooth: bluetooth_adapter_winrt.cc:1074 Getting Default Adapter failed.
7월 25, 2022 16:59:50.324 [9332:1616:0725/165950.324:ERROR:device_event_log_impl.cc(214)] [16:59:50.324] Bluetooth: bluetooth_adapter_winrt.cc:1074 Getting Default Adapter failed.
7월 25, 2022 17:00:32.35 [10188:10836:0725/170032.034:ERROR:device_event_log_impl.cc(214)] [17:00:32.035] Bluetooth: bluetooth_adapter_winrt.cc:1074 Getting Default Adapter failed.
7월 25, 2022 17:00:59.583 [8912:13196:0725/170059.583:ERROR:device_event_log_impl.cc(214)] [17:00:59.583] Bluetooth: bluetooth_adapter_winrt.cc:1074 Getting Default Adapter failed.

7월 26, 2022 11:26:07.885 NEW SESSION
7월 26, 2022 11:26:07.885 [12464:7880:0726/112607.884:ERROR:device_event_log_impl.cc(214)] [11:26:07.884] Bluetooth: bluetooth_adapter_winrt.cc:1074 Getting Default Adapter failed.

7월 26, 2022 11:31:38.973 NEW SESSION
7월 26, 2022 11:31:38.973 [8716:2840:0726/113138.972:ERROR:device_event_log_impl.cc(214)] [11:31:38.971] Bluetooth: bluetooth_adapter_winrt.cc:1074 Getting Default Adapter failed.
7월 26, 2022 11:32:25.354 [3444:10376:0726/113225.353:ERROR:device_event_log_impl.cc(214)] [11:32:25.353] Bluetooth: bluetooth_adapter_winrt.cc:1074 Getting Default Adapter failed.
7월 26, 2022 11:33:14.392 [8580:4212:0726/113314.392:ERROR:device_event_log_impl.cc(214)] [11:33:14.391] Bluetooth: bluetooth_adapter_winrt.cc:1074 Getting Default Adapter failed.
7월 26, 2022 11:33:18.355 [11224:8164:0726/113318.355:ERROR:device_event_log_impl.cc(214)] [11:33:18.355] Bluetooth: bluetooth_adapter_winrt.cc:1074 Getting Default Adapter failed.
7월 26, 2022 11:35:05.451 [7000:10776:0726/113505.451:ERROR:device_event_log_impl.cc(214)] [11:35:05.450] Bluetooth: bluetooth_adapter_winrt.cc:1074 Getting Default Adapter failed.
7월 26, 2022 11:41:17.820 [10140:6508:0726/114117.820:ERROR:device_event_log_impl.cc(214)] [11:41:17.820] Bluetooth: bluetooth_adapter_winrt.cc:1074 Getting Default Adapter failed.

7월 26, 2022 12:02:30.976 NEW SESSION
7월 26, 2022 12:02:30.976 [12012:7752:0726/120230.975:ERROR:device_event_log_impl.cc(214)] [12:02:30.975] Bluetooth: bluetooth_adapter_winrt.cc:1074 Getting Default Adapter failed.
7월 26, 2022 12:02:45.831 [7692:11448:0726/120245.831:ERROR:device_event_log_impl.cc(214)] [12:02:45.831] Bluetooth: bluetooth_adapter_winrt.cc:1074 Getting Default Adapter failed.
7월 26, 2022 12:03:51.282 [11076:7316:0726/120351.282:ERROR:device_event_log_impl.cc(214)] [12:03:51.282] Bluetooth: bluetooth_adapter_winrt.cc:1074 Getting Default Adapter failed.
7월 26, 2022 12:26:15.200 [11076:7316:0726/122615.200:ERROR:interface_endpoint_client.cc(665)] Message 1 rejected by interface blink.mojom.WidgetHost
7월 26, 2022 12:42:34.468 [8988:8604:0726/124234.467:ERROR:device_event_log_impl.cc(214)] [12:42:34.468] Bluetooth: bluetooth_adapter_winrt.cc:1074 Getting Default Adapter failed.
7월 26, 2022 14:40:59.770 [8472:8836:0726/144059.770:ERROR:device_event_log_impl.cc(214)] [14:40:59.770] Bluetooth: bluetooth_adapter_winrt.cc:1074 Getting Default Adapter failed.
7월 26, 2022 14:43:08.950 [2560:3168:0726/144308.950:ERROR:device_event_log_impl.cc(214)] [14:43:08.951] Bluetooth: bluetooth_adapter_winrt.cc:1074 Getting Default Adapter failed.
7월 26, 2022 14:43:29.647 [10644:13308:0726/144329.647:ERROR:device_event_log_impl.cc(214)] [14:43:29.647] Bluetooth: bluetooth_adapter_winrt.cc:1074 Getting Default Adapter failed.
7월 26, 2022 14:43:37.283 [11652:932:0726/144337.283:ERROR:device_event_log_impl.cc(214)] [14:43:37.283] Bluetooth: bluetooth_adapter_winrt.cc:1074 Getting Default Adapter failed.
7월 26, 2022 14:44:01.534 [8844:11148:0726/144401.534:ERROR:device_event_log_impl.cc(214)] [14:44:01.535] Bluetooth: bluetooth_adapter_winrt.cc:1074 Getting Default Adapter failed.
7월 26, 2022 14:45:02.296 [2156:5840:0726/144502.296:ERROR:device_event_log_impl.cc(214)] [14:45:02.296] Bluetooth: bluetooth_adapter_winrt.cc:1074 Getting Default Adapter failed.
7월 26, 2022 14:47:05.352 [3204:520:0726/144705.352:ERROR:device_event_log_impl.cc(214)] [14:47:05.352] Bluetooth: bluetooth_adapter_winrt.cc:1074 Getting Default Adapter failed.
7월 26, 2022 14:49:23.642 [6872:772:0726/144923.642:ERROR:device_event_log_impl.cc(214)] [14:49:23.642] Bluetooth: bluetooth_adapter_winrt.cc:1074 Getting Default Adapter failed.
7월 26, 2022 14:50:22.122 [12004:1280:0726/145022.122:ERROR:device_event_log_impl.cc(214)] [14:50:22.121] Bluetooth: bluetooth_adapter_winrt.cc:1074 Getting Default Adapter failed.
7월 26, 2022 14:51:02.921 [9384:9272:0726/145102.921:ERROR:device_event_log_impl.cc(214)] [14:51:02.921] Bluetooth: bluetooth_adapter_winrt.cc:1074 Getting Default Adapter failed.
7월 26, 2022 14:58:49.499 [1308:7188:0726/145849.499:ERROR:device_event_log_impl.cc(214)] [14:58:49.499] Bluetooth: bluetooth_adapter_winrt.cc:1074 Getting Default Adapter failed.
7월 26, 2022 14:59:16.929 [5460:12136:0726/145916.929:ERROR:device_event_log_impl.cc(214)] [14:59:16.928] Bluetooth: bluetooth_adapter_winrt.cc:1074 Getting Default Adapter failed.
7월 26, 2022 15:06:31.225 [5872:3048:0726/150631.225:ERROR:device_event_log_impl.cc(214)] [15:06:31.225] Bluetooth: bluetooth_adapter_winrt.cc:1074 Getting Default Adapter failed.
7월 26, 2022 15:07:53.879 [11660:11120:0726/150753.879:ERROR:device_event_log_impl.cc(214)] [15:07:53.879] Bluetooth: bluetooth_adapter_winrt.cc:1074 Getting Default Adapter failed.
7월 26, 2022 15:08:01.29 [3500:13272:0726/150801.029:ERROR:device_event_log_impl.cc(214)] [15:08:01.030] Bluetooth: bluetooth_adapter_winrt.cc:1074 Getting Default Adapter failed.
7월 26, 2022 15:08:18.780 [6532:9568:0726/150818.780:ERROR:device_event_log_impl.cc(214)] [15:08:18.781] Bluetooth: bluetooth_adapter_winrt.cc:1074 Getting Default Adapter failed.
7월 26, 2022 15:17:32.133 [616:5488:0726/151732.133:ERROR:device_event_log_impl.cc(214)] [15:17:32.133] Bluetooth: bluetooth_adapter_winrt.cc:1074 Getting Default Adapter failed.

7월 26, 2022 17:22:45.700 NEW SESSION
7월 26, 2022 17:22:45.700 [12468:5504:0726/172245.699:ERROR:device_event_log_impl.cc(214)] [17:22:45.699] Bluetooth: bluetooth_adapter_winrt.cc:1074 Getting Default Adapter failed.
7월 26, 2022 17:26:38.176 [11220:8604:0726/172638.175:ERROR:device_event_log_impl.cc(214)] [17:26:38.175] Bluetooth: bluetooth_adapter_winrt.cc:1074 Getting Default Adapter failed.

7월 27, 2022 09:47:30.756 NEW SESSION
7월 27, 2022 09:47:30.756 [6668:6632:0727/094730.755:ERROR:device_event_log_impl.cc(214)] [09:47:30.756] Bluetooth: bluetooth_adapter_winrt.cc:1074 Getting Default Adapter failed.
7월 27, 2022 09:49:51.938 [6320:12264:0727/094951.938:ERROR:device_event_log_impl.cc(214)] [09:49:51.938] Bluetooth: bluetooth_adapter_winrt.cc:1074 Getting Default Adapter failed.

7월 27, 2022 15:42:50.818 NEW SESSION
7월 27, 2022 15:42:50.818 [11800:9200:0727/154250.817:ERROR:device_event_log_impl.cc(214)] [15:42:50.816] Bluetooth: bluetooth_adapter_winrt.cc:1074 Getting Default Adapter failed.

7월 28, 2022 11:59:59.114 NEW SESSION
7월 28, 2022 11:59:59.114 [6856:528:0728/115959.113:ERROR:device_event_log_impl.cc(214)] [11:59:59.114] Bluetooth: bluetooth_adapter_winrt.cc:1074 Getting Default Adapter failed.
7월 28, 2022 12:01:50.742 [10584:7732:0728/120150.742:ERROR:device_event_log_impl.cc(214)] [12:01:50.742] Bluetooth: bluetooth_adapter_winrt.cc:1074 Getting Default Adapter failed.
7월 28, 2022 12:22:56.914 [9568:14016:0728/122256.914:ERROR:device_event_log_impl.cc(214)] [12:22:56.914] Bluetooth: bluetooth_adapter_winrt.cc:1074 Getting Default Adapter failed.
7월 28, 2022 12:23:08.207 [5760:4396:0728/122308.207:ERROR:device_event_log_impl.cc(214)] [12:23:08.206] Bluetooth: bluetooth_adapter_winrt.cc:1074 Getting Default Adapter failed.
7월 28, 2022 12:28:43.145 [12928:8340:0728/122843.145:ERROR:device_event_log_impl.cc(214)] [12:28:43.144] Bluetooth: bluetooth_adapter_winrt.cc:1074 Getting Default Adapter failed.
7월 28, 2022 12:29:08.669 [2304:12260:0728/122908.669:ERROR:device_event_log_impl.cc(214)] [12:29:08.669] Bluetooth: bluetooth_adapter_winrt.cc:1074 Getting Default Adapter failed.
7월 28, 2022 12:29:20.613 [13016:12976:0728/122920.612:ERROR:device_event_log_impl.cc(214)] [12:29:20.612] Bluetooth: bluetooth_adapter_winrt.cc:1074 Getting Default Adapter failed.
7월 28, 2022 12:29:44.164 [11684:14104:0728/122944.164:ERROR:device_event_log_impl.cc(214)] [12:29:44.164] Bluetooth: bluetooth_adapter_winrt.cc:1074 Getting Default Adapter failed.
7월 28, 2022 12:29:54.85 [11436:8712:0728/122954.085:ERROR:device_event_log_impl.cc(214)] [12:29:54.085] Bluetooth: bluetooth_adapter_winrt.cc:1074 Getting Default Adapter failed.
7월 28, 2022 12:30:47.873 [5580:2128:0728/123047.873:ERROR:device_event_log_impl.cc(214)] [12:30:47.873] Bluetooth: bluetooth_adapter_winrt.cc:1074 Getting Default Adapter failed.
7월 28, 2022 12:30:55.860 [12872:13052:0728/123055.859:ERROR:device_event_log_impl.cc(214)] [12:30:55.859] Bluetooth: bluetooth_adapter_winrt.cc:1074 Getting Default Adapter failed.
7월 28, 2022 12:34:45.894 [5648:13748:0728/123445.893:ERROR:device_event_log_impl.cc(214)] [12:34:45.894] Bluetooth: bluetooth_adapter_winrt.cc:1074 Getting Default Adapter failed.
7월 28, 2022 12:34:54.957 [12552:9352:0728/123454.957:ERROR:device_event_log_impl.cc(214)] [12:34:54.957] Bluetooth: bluetooth_adapter_winrt.cc:1074 Getting Default Adapter failed.
7월 28, 2022 12:46:11.422 [14180:2996:0728/124611.422:ERROR:device_event_log_impl.cc(214)] [12:46:11.422] Bluetooth: bluetooth_adapter_winrt.cc:1074 Getting Default Adapter failed.
7월 28, 2022 12:47:15.938 [12460:12784:0728/124715.938:ERROR:device_event_log_impl.cc(214)] [12:47:15.938] Bluetooth: bluetooth_adapter_winrt.cc:1074 Getting Default Adapter failed.
7월 28, 2022 12:47:24.16 [3324:2188:0728/124724.016:ERROR:device_event_log_impl.cc(214)] [12:47:24.016] Bluetooth: bluetooth_adapter_winrt.cc:1074 Getting Default Adapter failed.
7월 28, 2022 12:47:53.211 [13344:11212:0728/124753.211:ERROR:device_event_log_impl.cc(214)] [12:47:53.211] Bluetooth: bluetooth_adapter_winrt.cc:1074 Getting Default Adapter failed.
7월 28, 2022 12:48:58.622 [11084:13144:0728/124858.622:ERROR:device_event_log_impl.cc(214)] [12:48:58.622] Bluetooth: bluetooth_adapter_winrt.cc:1074 Getting Default Adapter failed.
7월 28, 2022 12:49:50.632 [11672:10040:0728/124950.632:ERROR:device_event_log_impl.cc(214)] [12:49:50.632] Bluetooth: bluetooth_adapter_winrt.cc:1074 Getting Default Adapter failed.
7월 28, 2022 13:02:24.822 [2504:5776:0728/130224.822:ERROR:device_event_log_impl.cc(214)] [13:02:24.823] Bluetooth: bluetooth_adapter_winrt.cc:1074 Getting Default Adapter failed.
7월 28, 2022 13:05:10.422 [3236:10432:0728/130510.421:ERROR:device_event_log_impl.cc(214)] [13:05:10.421] Bluetooth: bluetooth_adapter_winrt.cc:1074 Getting Default Adapter failed.

7월 28, 2022 20:15:35.669 NEW SESSION
7월 28, 2022 20:15:35.669 [9104:2504:0728/201535.668:ERROR:device_event_log_impl.cc(214)] [20:15:35.668] Bluetooth: bluetooth_adapter_winrt.cc:1074 Getting Default Adapter failed.
7월 28, 2022 20:15:58.570 [8080:11284:0728/201558.570:ERROR:device_event_log_impl.cc(214)] [20:15:58.569] Bluetooth: bluetooth_adapter_winrt.cc:1074 Getting Default Adapter failed.
7월 28, 2022 20:16:18.622 [2148:9336:0728/201618.622:ERROR:device_event_log_impl.cc(214)] [20:16:18.622] Bluetooth: bluetooth_adapter_winrt.cc:1074 Getting Default Adapter failed.
7월 28, 2022 20:21:38.641 [11324:1340:0728/202138.641:ERROR:device_event_log_impl.cc(214)] [20:21:38.641] Bluetooth: bluetooth_adapter_winrt.cc:1074 Getting Default Adapter failed.

7월 28, 2022 21:42:30.674 NEW SESSION
7월 28, 2022 21:42:30.674 [13500:9392:0728/214230.673:ERROR:device_event_log_impl.cc(214)] [21:42:30.673] Bluetooth: bluetooth_adapter_winrt.cc:1074 Getting Default Adapter failed.

8월 05, 2022 11:38:39.30 NEW SESSION
8월 05, 2022 11:38:39.30 [9076:10548:0805/113839.029:ERROR:device_event_log_impl.cc(214)] [11:38:39.029] Bluetooth: bluetooth_adapter_winrt.cc:1074 Getting Default Adapter failed.
8월 05, 2022 11:40:14.670 [9024:5080:0805/114014.669:ERROR:device_event_log_impl.cc(214)] [11:40:14.669] Bluetooth: bluetooth_adapter_winrt.cc:1074 Getting Default Adapter failed.
8월 05, 2022 11:56:08.220 [2936:9024:0805/115608.220:ERROR:device_event_log_impl.cc(214)] [11:56:08.220] Bluetooth: bluetooth_adapter_winrt.cc:1074 Getting Default Adapter failed.

8월 05, 2022 14:42:04.123 NEW SESSION
8월 05, 2022 14:42:04.123 [11780:3228:0805/144204.122:ERROR:device_event_log_impl.cc(214)] [14:42:04.122] Bluetooth: bluetooth_adapter_winrt.cc:1074 Getting Default Adapter failed.
8월 05, 2022 17:41:31.983 [3884:5488:0805/174131.983:ERROR:device_event_log_impl.cc(214)] [17:41:31.983] Bluetooth: bluetooth_adapter_winrt.cc:1074 Getting Default Adapter failed.
8월 05, 2022 17:45:24.556 [10716:8256:0805/174524.556:ERROR:device_event_log_impl.cc(214)] [17:45:24.555] Bluetooth: bluetooth_adapter_winrt.cc:1074 Getting Default Adapter failed.
8월 05, 2022 17:45:30.20 [5932:6980:0805/174530.019:ERROR:device_event_log_impl.cc(214)] [17:45:30.019] Bluetooth: bluetooth_adapter_winrt.cc:1074 Getting Default Adapter failed.

8월 08, 2022 12:10:25.357 NEW SESSION
8월 08, 2022 12:10:25.357 [12732:4008:0808/121025.350:ERROR:device_event_log_impl.cc(214)] [12:10:25.350] Bluetooth: bluetooth_adapter_winrt.cc:1074 Getting Default Adapter failed.
8월 08, 2022 12:10:33.745 [12644:11636:0808/121033.745:ERROR:device_event_log_impl.cc(214)] [12:10:33.745] Bluetooth: bluetooth_adapter_winrt.cc:1074 Getting Default Adapter failed.

8월 08, 2022 14:22:53.856 NEW SESSION
8월 08, 2022 14:22:53.856 [3120:6812:0808/142253.855:ERROR:device_event_log_impl.cc(214)] [14:22:53.855] Bluetooth: bluetooth_adapter_winrt.cc:1074 Getting Default Adapter failed.
8월 08, 2022 18:03:28.852 [13520:10944:0808/180328.852:ERROR:device_event_log_impl.cc(214)] [18:03:28.852] Bluetooth: bluetooth_adapter_winrt.cc:1074 Getting Default Adapter failed.
8월 08, 2022 18:16:01.32 [11500:3380:0808/181601.031:ERROR:device_event_log_impl.cc(214)] [18:16:01.031] Bluetooth: bluetooth_adapter_winrt.cc:1074 Getting Default Adapter failed.

8월 09, 2022 10:08:52.578 NEW SESSION
8월 09, 2022 10:08:52.578 [2332:10124:0809/100852.577:ERROR:device_event_log_impl.cc(214)] [10:08:52.577] Bluetooth: bluetooth_adapter_winrt.cc:1074 Getting Default Adapter failed.
8월 09, 2022 10:09:22.827 [10928:12308:0809/100922.826:ERROR:device_event_log_impl.cc(214)] [10:09:22.827] Bluetooth: bluetooth_adapter_winrt.cc:1074 Getting Default Adapter failed.
8월 09, 2022 10:10:26.416 [3388:8088:0809/101026.416:ERROR:device_event_log_impl.cc(214)] [10:10:26.416] Bluetooth: bluetooth_adapter_winrt.cc:1074 Getting Default Adapter failed.
8월 09, 2022 10:10:48.705 [3340:308:0809/101048.705:ERROR:device_event_log_impl.cc(214)] [10:10:48.705] Bluetooth: bluetooth_adapter_winrt.cc:1074 Getting Default Adapter failed.
8월 09, 2022 10:11:03.44 [4064:2796:0809/101103.044:ERROR:device_event_log_impl.cc(214)] [10:11:03.044] Bluetooth: bluetooth_adapter_winrt.cc:1074 Getting Default Adapter failed.
8월 09, 2022 12:35:37.690 [12940:9884:0809/123537.690:ERROR:device_event_log_impl.cc(214)] [12:35:37.690] Bluetooth: bluetooth_adapter_winrt.cc:1074 Getting Default Adapter failed.
8월 09, 2022 16:09:10.108 [15048:8744:0809/160910.108:ERROR:device_event_log_impl.cc(214)] [16:09:10.107] Bluetooth: bluetooth_adapter_winrt.cc:1074 Getting Default Adapter failed.
